[debug] > Exec(early(addDefaultCommands), None, None)
[debug] > Exec(addDefaultCommands, None, None)
[debug] > Exec(early(initialize), None, None)
[debug] > Exec(initialize, None, None)
[debug] > Exec(early(addPluginSbtFile="""C:\Users\ragav\AppData\Local\Temp\idea.sbt"""), None, None)
[debug] > Exec(addPluginSbtFile="""C:\Users\ragav\AppData\Local\Temp\idea.sbt""", None, None)
[debug] > Exec(boot, None, None)
[debug] > Exec(writeSbtVersion, None, None)
[debug] > Exec(reload, None, None)
[debug] > Exec(sbtStashOnFailure, None, None)
[debug] > Exec(onFailure loadFailed, None, None)
[debug] > Exec(loadp, None, None)
[info] welcome to sbt 1.5.5 (Amazon.com Inc. Java 1.8.0_302)
[debug]       Load.loadUnit: plugins took 102.157ms
[debug]       Load.loadUnit: defsScala took 0.3841ms
[debug] [Loading] Scanning directory C:\Users\ragav\.sbt\1.0\plugins
[debug] [Loading] Found non-root projects 
[debug] [Loading] Done in C:\Users\ragav\.sbt\1.0\plugins, returning: ()
[debug] deducing auto plugins based on known facts Set(Atom(sbt.plugins.CorePlugin)) and clauses Clauses(Clause(Atom(sbt.plugins.JvmPlugin),Set(Atom(sbt.plugins.IvyPlugin)))
[debug] Clause(Atom(sbt.ScriptedPlugin),Set(Atom(sbt.plugins.JvmPlugin)))
[debug] Clause(Atom(sbt.plugins.SbtPlugin),Set(Atom(sbt.ScriptedPlugin)))
[debug] Clause(Atom(sbt.plugins.SemanticdbPlugin),Set(Atom(sbt.plugins.JvmPlugin)))
[debug] Clause(Atom(sbt.plugins.JUnitXmlReportPlugin),Set(Atom(sbt.plugins.JvmPlugin)))
[debug] Clause(Atom(sbt.plugins.MiniDependencyTreePlugin),Set(Atom(sbt.plugins.JvmPlugin)))
[debug] Clause(Atom(sbt.plugins.CorePlugin),Set(Atom(sbt.plugins.IvyPlugin)))
[debug] Clause(Atom(sbt.plugins.IvyPlugin),Set(Atom(sbt.plugins.JvmPlugin)))
[debug] Clause(Atom(sbt.plugins.JvmPlugin),Set(Atom(sbt.plugins.SemanticdbPlugin)))
[debug] Clause(Atom(sbt.plugins.JvmPlugin),Set(Atom(sbt.plugins.JUnitXmlReportPlugin)))
[debug] Clause(Atom(sbt.plugins.CorePlugin),Set(Atom(sbt.plugins.Giter8TemplatePlugin)))
[debug] Clause(Atom(sbt.plugins.JvmPlugin),Set(Atom(sbt.plugins.MiniDependencyTreePlugin))))
[debug]   :: deduced result: Matched(sbt.plugins.CorePlugin,sbt.plugins.Giter8TemplatePlugin,sbt.plugins.IvyPlugin,sbt.plugins.JvmPlugin,sbt.plugins.MiniDependencyTreePlugin,sbt.plugins.JUnitXmlReportPlugin,sbt.plugins.SemanticdbPlugin)
[debug] Plugins.deducer#function took 21.5731 ms
[debug]           Load.resolveProject(global-plugins) took 61.8221ms
[debug]         Load.loadTransitive: finalizeProject(Project(id global-plugins, base: C:\Users\ragav\.sbt\1.0\plugins, plugins: List(<none>))) took 118.7375ms
[debug] [Loading] Done in C:\Users\ragav\.sbt\1.0\plugins, returning: (global-plugins)
[debug]       Load.loadUnit: loadedProjectsRaw took 149.0562ms
[debug]       Load.loadUnit: cleanEvalClasses took 0.3346ms
[debug]     Load.loadUnit(file:/C:/Users/ragav/.sbt/1.0/plugins/, ...) took 261.0904ms
[debug]   Load.apply: load took 5262.532ms
[debug]   Load.apply: resolveProjects took 7.714ms
[debug]   Load.apply: finalTransforms took 91.7007ms
[debug]   Load.apply: config.delegates took 11.8427ms
[debug]   Load.apply: Def.make(settings)... took 591.4264ms
[debug]   Load.apply: structureIndex took 164.5688ms
[debug]   Load.apply: mkStreams took 3.3524ms
[info] loading global plugins from C:\Users\ragav\.sbt\1.0\plugins
[debug] Running task... Cancel: Signal, check cycles: false, forcegc: true
[debug] Load.defaultLoad until apply took 8422.4891ms
[debug]           Load.loadUnit: plugins took 44.703ms
[debug]           Load.loadUnit: defsScala took 0.0091ms
[debug] [Loading] Scanning directory C:\Users\ragav\IdeaProjects\WordCount\project
[debug]             Load.loadUnit: mkEval took 12.7095ms
[debug] [Loading] Found non-root projects 
[debug] [Loading] Done in C:\Users\ragav\IdeaProjects\WordCount\project, returning: ()
[debug] deducing auto plugins based on known facts Set(Atom(sbt.plugins.CorePlugin)) and clauses Clauses(Clause(Atom(sbt.plugins.JvmPlugin),Set(Atom(sbt.plugins.IvyPlugin)))
[debug] Clause(Atom(sbt.ScriptedPlugin),Set(Atom(sbt.plugins.JvmPlugin)))
[debug] Clause(Atom(sbt.plugins.SbtPlugin),Set(Atom(sbt.ScriptedPlugin)))
[debug] Clause(Atom(sbt.plugins.SemanticdbPlugin),Set(Atom(sbt.plugins.JvmPlugin)))
[debug] Clause(Atom(sbt.plugins.JUnitXmlReportPlugin),Set(Atom(sbt.plugins.JvmPlugin)))
[debug] Clause(Atom(sbt.plugins.MiniDependencyTreePlugin),Set(Atom(sbt.plugins.JvmPlugin)))
[debug] Clause(Atom(sbt.plugins.CorePlugin),Set(Atom(sbt.plugins.IvyPlugin)))
[debug] Clause(Atom(sbt.plugins.IvyPlugin),Set(Atom(sbt.plugins.JvmPlugin)))
[debug] Clause(Atom(sbt.plugins.JvmPlugin),Set(Atom(sbt.plugins.SemanticdbPlugin)))
[debug] Clause(Atom(sbt.plugins.JvmPlugin),Set(Atom(sbt.plugins.JUnitXmlReportPlugin)))
[debug] Clause(Atom(sbt.plugins.CorePlugin),Set(Atom(sbt.plugins.Giter8TemplatePlugin)))
[debug] Clause(Atom(sbt.plugins.JvmPlugin),Set(Atom(sbt.plugins.MiniDependencyTreePlugin))))
[debug]   :: deduced result: Matched(sbt.plugins.CorePlugin,sbt.plugins.Giter8TemplatePlugin,sbt.plugins.IvyPlugin,sbt.plugins.JvmPlugin,sbt.plugins.MiniDependencyTreePlugin,sbt.plugins.JUnitXmlReportPlugin,sbt.plugins.SemanticdbPlugin)
[debug] Plugins.deducer#function took 3.1554 ms
[info] loading settings for project wordcount-build from assembly.sbt,idea.sbt ...
[debug]               Load.resolveProject(wordcount-build) took 4.1564ms
[debug]             Load.loadTransitive: finalizeProject(Project(id wordcount-build, base: C:\Users\ragav\IdeaProjects\WordCount\project, plugins: List(<none>))) took 7.9032ms
[debug] [Loading] Done in C:\Users\ragav\IdeaProjects\WordCount\project, returning: (wordcount-build)
[debug]           Load.loadUnit: loadedProjectsRaw took 3951.9569ms
[debug]           Load.loadUnit: cleanEvalClasses took 10.3605ms
[debug]         Load.loadUnit(file:/C:/Users/ragav/IdeaProjects/WordCount/project/, ...) took 4008.9513ms
[debug]       Load.apply: load took 4012.3878ms
[debug]       Load.apply: resolveProjects took 0.2224ms
[debug]       Load.apply: finalTransforms took 12.1027ms
[debug]       Load.apply: config.delegates took 0.4921ms
[debug]       Load.apply: Def.make(settings)... took 144.5485ms
[debug]       Load.apply: structureIndex took 41.0828ms
[debug]       Load.apply: mkStreams took 0.0032ms
[info] loading project definition from C:\Users\ragav\IdeaProjects\WordCount\project
[debug] Running task... Cancel: Signal, check cycles: false, forcegc: true
[warn] Unrecognized repository Scala Plugin Bundled Repository, ignoring it
[debug]     Load.loadUnit: plugins took 7076.862ms
[debug]     Load.loadUnit: defsScala took 0.0089ms
[debug] [Loading] Scanning directory C:\Users\ragav\IdeaProjects\WordCount
[debug]       Load.loadUnit: mkEval took 0.7936ms
[debug] [Loading] Found non-root projects 
[debug] [Loading] Done in C:\Users\ragav\IdeaProjects\WordCount, returning: ()
[debug] deducing auto plugins based on known facts Set(Atom(sbt.plugins.CorePlugin)) and clauses Clauses(Clause(Atom(sbt.plugins.JvmPlugin),Set(Atom(sbt.plugins.IvyPlugin)))
[debug] Clause(Atom(sbt.ScriptedPlugin),Set(Atom(sbt.plugins.JvmPlugin)))
[debug] Clause(Atom(sbt.plugins.SbtPlugin),Set(Atom(sbt.ScriptedPlugin)))
[debug] Clause(Atom(sbt.plugins.SemanticdbPlugin),Set(Atom(sbt.plugins.JvmPlugin)))
[debug] Clause(Atom(sbt.plugins.JUnitXmlReportPlugin),Set(Atom(sbt.plugins.JvmPlugin)))
[debug] Clause(Atom(sbt.plugins.MiniDependencyTreePlugin),Set(Atom(sbt.plugins.JvmPlugin)))
[debug] Clause(Atom(sbtassembly.AssemblyPlugin),Set(Atom(sbt.plugins.JvmPlugin)))
[debug] Clause(Atom(org.jetbrains.sbt.StructurePlugin),Set(Atom(sbt.plugins.JvmPlugin)))
[debug] Clause(Atom(org.jetbrains.sbt.IdeaShellPlugin),Set(Atom(sbt.plugins.JvmPlugin)))
[debug] Clause(Atom(org.jetbrains.sbt.indices.SbtIntellijIndicesPlugin),Set(Atom(sbt.plugins.JvmPlugin)))
[debug] Clause(Atom(sbt.plugins.CorePlugin),Set(Atom(sbt.plugins.IvyPlugin)))
[debug] Clause(Atom(sbt.plugins.IvyPlugin),Set(Atom(sbt.plugins.JvmPlugin)))
[debug] Clause(Atom(sbt.plugins.JvmPlugin),Set(Atom(sbt.plugins.SemanticdbPlugin)))
[debug] Clause(Atom(sbt.plugins.JvmPlugin),Set(Atom(sbt.plugins.JUnitXmlReportPlugin)))
[debug] Clause(Atom(sbt.plugins.CorePlugin),Set(Atom(sbt.plugins.Giter8TemplatePlugin)))
[debug] Clause(Atom(sbt.plugins.JvmPlugin),Set(Atom(sbt.plugins.MiniDependencyTreePlugin)))
[debug] Clause(Atom(sbt.plugins.JvmPlugin),Set(Atom(sbtassembly.AssemblyPlugin)))
[debug] Clause(Atom(sbt.plugins.JvmPlugin),Set(Atom(org.jetbrains.sbt.StructurePlugin)))
[debug] Clause(Atom(sbt.plugins.JvmPlugin),Set(Atom(org.jetbrains.sbt.IdeaShellPlugin)))
[debug] Clause(And(Set(Atom(sbt.plugins.CorePlugin), Atom(sbt.plugins.JvmPlugin))),Set(Atom(org.jetbrains.sbt.indices.SbtIntellijIndicesPlugin))))
[debug]   :: deduced result: Matched(sbt.plugins.CorePlugin,sbt.plugins.Giter8TemplatePlugin,sbt.plugins.IvyPlugin,sbt.plugins.JvmPlugin,sbt.plugins.SemanticdbPlugin,org.jetbrains.sbt.indices.SbtIntellijIndicesPlugin,sbt.plugins.JUnitXmlReportPlugin,sbtassembly.AssemblyPlugin,org.jetbrains.sbt.IdeaShellPlugin,org.jetbrains.sbt.StructurePlugin,sbt.plugins.MiniDependencyTreePlugin)
[debug] Plugins.deducer#function took 2.9812 ms
[info] loading settings for project wordcount from build.sbt ...
[debug]         Load.resolveProject(wordcount) took 51.2924ms
[debug]       Load.loadTransitive: finalizeProject(Project(id wordcount, base: C:\Users\ragav\IdeaProjects\WordCount, plugins: List(<none>))) took 55.9113ms
[debug] [Loading] Done in C:\Users\ragav\IdeaProjects\WordCount, returning: (wordcount)
[debug]     Load.loadUnit: loadedProjectsRaw took 2486.9397ms
[debug]     Load.loadUnit: cleanEvalClasses took 17.9507ms
[debug]   Load.loadUnit(file:/C:/Users/ragav/IdeaProjects/WordCount/, ...) took 9582.9069ms
[debug] Load.apply: load took 9591.8474ms
[debug] Load.apply: resolveProjects took 0.1887ms
[debug] Load.apply: finalTransforms took 32.8448ms
[debug] Load.apply: config.delegates took 0.3053ms
[debug] Load.apply: Def.make(settings)... took 125.2843ms
[debug] Load.apply: structureIndex took 23.7809ms
[debug] Load.apply: mkStreams took 0.003ms
[info] set current project to WordCount (in build file:/C:/Users/ragav/IdeaProjects/WordCount/)
[debug] > Exec(sbtPopOnFailure, None, None)
[debug] > Exec(resumeFromFailure, None, None)
[debug] > Exec(notifyUsersAboutShell, None, None)
[debug] > Exec(iflast shell, None, None)
[debug] > Exec(; set ideaPort in Global := 50869 ; idea-shell, None, None)
[debug] > Exec(set ideaPort in Global := 50869, None, None)
[info] Defining Global / ideaPort
[info] The new value will be used by Compile / compile, Test / compile
[debug] Defining 
[debug] 	Global / ideaPort
[debug] 
[debug] The new value will be used by 
[debug] 	Compile / compile
[debug] 	Test / compile
[info] Reapplying settings...
[info] set current project to WordCount (in build file:/C:/Users/ragav/IdeaProjects/WordCount/)
[debug] > Exec(idea-shell, None, None)
