19:55:33.028 [run-main-0] INFO  GenerateLogData$ - Log data generator started...
19:55:33.183 [run-main-0] WARN  HelperUtils.Parameters$ - Max count 25 is used to create records instead of timeouts
19:55:33.271 [scala-execution-context-global-125] WARN  HelperUtils.Parameters$ - s%]s,+2k|D}K7b/XCwG&@7HDPR8z
19:55:33.294 [scala-execution-context-global-125] INFO  HelperUtils.Parameters$ - ;kNI&V%v<c#eSDK@lPY(
19:55:33.315 [scala-execution-context-global-125] INFO  HelperUtils.Parameters$ - l9]|92!uHUQ/IVcz~(;.Uz%K*5jTUd08
19:55:33.333 [scala-execution-context-global-125] INFO  HelperUtils.Parameters$ - G3sw7^U<^q^Cl!aMTDbNz<:$;?e<.0JD_'
19:55:33.352 [scala-execution-context-global-125] WARN  HelperUtils.Parameters$ - A><YFqpg+~"E1T
19:55:33.368 [scala-execution-context-global-125] DEBUG HelperUtils.Parameters$ - JrQB;P0"&+6;&Dk-
19:55:33.384 [scala-execution-context-global-125] INFO  HelperUtils.Parameters$ - OsI1`qAeU5H;\+
19:55:33.398 [scala-execution-context-global-125] INFO  HelperUtils.Parameters$ - [h!Q9PEY>L(NpKLBO"Gjo:=4kRXQ_tZ!
19:55:33.412 [scala-execution-context-global-125] INFO  HelperUtils.Parameters$ - B?y&C"C5rsb:2037;f&|vM#x?z|Ny|&<44Z8B&rF1#&M
19:55:33.426 [scala-execution-context-global-125] WARN  HelperUtils.Parameters$ - x2oBSI0/\%CdfV2%ChSsnZ7vJo=2qJqZ%."kbc!0ne`y&m
19:55:33.442 [scala-execution-context-global-125] ERROR HelperUtils.Parameters$ - ihu}!A2]*07}|,lc
19:55:33.459 [scala-execution-context-global-125] INFO  HelperUtils.Parameters$ - CC]>~R#,^#0JWyESarZdETDcvk)Yk'I?
19:55:33.473 [scala-execution-context-global-125] WARN  HelperUtils.Parameters$ - Swq;g+6M:?820=Gmd#.p)sFaqoKc^mm](.A8Z-4-].tp|cfR\~rc(m^{
19:55:33.487 [scala-execution-context-global-125] INFO  HelperUtils.Parameters$ - zXK=Fze%-6Iv-^q{zhG|EUzvd);tOj-:
19:55:33.500 [scala-execution-context-global-125] INFO  HelperUtils.Parameters$ - ^<A>61@{3[KEk@M/Xh-q%sco3Dkwq~
19:55:33.516 [scala-execution-context-global-125] WARN  HelperUtils.Parameters$ - Bv^B8Re'$VG)[P".g*?f<G\l5n.18B|i<E&rgPQZ;wBeA{4O/fy+Pp
19:55:33.530 [scala-execution-context-global-125] WARN  HelperUtils.Parameters$ - k1H+R#/%d0>Q>N:6\enT]U
19:55:33.543 [scala-execution-context-global-125] INFO  HelperUtils.Parameters$ - 8G;,3m_T`G#H]&Yh:Ei1%fp''5`ag2be0ce3W5ubf3O9oae2ce1Q7lag2%<Bqz8fMm#{JWqMdoc_2N/|wf8]
19:55:33.555 [scala-execution-context-global-125] DEBUG HelperUtils.Parameters$ - KqC"m}`Dtcc:UY?J5tcf3I7pG8ibf2X:e3A#)nuaVBH?d
19:55:33.571 [scala-execution-context-global-125] WARN  HelperUtils.Parameters$ - 0,-G'iCO_/8Xnmo%U75f,q
19:55:33.585 [scala-execution-context-global-125] INFO  HelperUtils.Parameters$ - jxYgmF`P1(sy/ajcIeml1)bGh~bplb6^:ui!pR7bQ&
19:55:33.598 [scala-execution-context-global-125] DEBUG HelperUtils.Parameters$ - uAFF{8zM##)+auUTp]S5crX_
19:55:33.612 [scala-execution-context-global-125] INFO  HelperUtils.Parameters$ - igO<~@7YNnD?CzyATF>6&Li[<^a(>;{Qeb#Xm$jhY{*TadX-ed_P$W
19:55:33.629 [scala-execution-context-global-125] INFO  HelperUtils.Parameters$ - +mztW9K'sb^CbEkrAi)\c@]@
19:55:33.644 [scala-execution-context-global-125] INFO  HelperUtils.Parameters$ - ~,0&{q(NDr=^C<{mXL5i'75q(Y)=
19:55:33.645 [run-main-0] INFO  GenerateLogData$ - Log data generation has completed after generating 25 records.20:09:30.241 [run-main-0] INFO  GenerateLogData$ - Log data generator started...
20:09:30.407 [run-main-0] WARN  HelperUtils.Parameters$ - Max count 25 is used to create records instead of timeouts
20:09:30.500 [scala-execution-context-global-124] WARN  HelperUtils.Parameters$ - s%]s,+2k|D}K7b/XCwG&@7HDPR8z
20:09:30.517 [scala-execution-context-global-124] INFO  HelperUtils.Parameters$ - ;kNI&V%v<c#eSDK@lPY(
20:09:30.534 [scala-execution-context-global-124] INFO  HelperUtils.Parameters$ - l9]|92!uHUQ/IVcz~(;.Uz%K*5jTUd08
20:09:30.551 [scala-execution-context-global-124] INFO  HelperUtils.Parameters$ - G3sw7^U<^q^Cl!aMTDbNz<:$;?e<.0JD_'
20:09:30.567 [scala-execution-context-global-124] WARN  HelperUtils.Parameters$ - A><YFqpg+~"E1T
20:09:30.584 [scala-execution-context-global-124] DEBUG HelperUtils.Parameters$ - JrQB;P0"&+6;&Dk-
20:09:30.601 [scala-execution-context-global-124] INFO  HelperUtils.Parameters$ - OsI1`qAeU5H;\+
20:09:30.617 [scala-execution-context-global-124] INFO  HelperUtils.Parameters$ - [h!Q9PEY>L(NpKLBO"Gjo:=4kRXQ_tZ!
20:09:30.634 [scala-execution-context-global-124] INFO  HelperUtils.Parameters$ - B?y&C"C5rsb:2037;f&|vM#x?z|Ny|&<44Z8B&rF1#&M
20:09:30.650 [scala-execution-context-global-124] WARN  HelperUtils.Parameters$ - x2oBSI0/\%CdfV2%ChSsnZ7vJo=2qJqZ%."kbc!0ne`y&m
20:09:30.666 [scala-execution-context-global-124] ERROR HelperUtils.Parameters$ - ihu}!A2]*07}|,lc
20:09:30.682 [scala-execution-context-global-124] INFO  HelperUtils.Parameters$ - CC]>~R#,^#0JWyESarZdETDcvk)Yk'I?
20:09:30.698 [scala-execution-context-global-124] WARN  HelperUtils.Parameters$ - Swq;g+6M:?820=Gmd#.p)sFaqoKc^mm](.A8Z-4-].tp|cfR\~rc(m^{
20:09:30.715 [scala-execution-context-global-124] INFO  HelperUtils.Parameters$ - zXK=Fze%-6Iv-^q{zhG|EUzvd);tOj-:
20:09:30.729 [scala-execution-context-global-124] INFO  HelperUtils.Parameters$ - ^<A>61@{3[KEk@M/Xh-q%sco3Dkwq~
20:09:30.745 [scala-execution-context-global-124] WARN  HelperUtils.Parameters$ - Bv^B8Re'$VG)[P".g*?f<G\l5n.18B|i<E&rgPQZ;wBeA{4O/fy+Pp
20:09:30.761 [scala-execution-context-global-124] WARN  HelperUtils.Parameters$ - k1H+R#/%d0>Q>N:6\enT]U
20:09:30.776 [scala-execution-context-global-124] INFO  HelperUtils.Parameters$ - 8G;,3m_T`G#H]&Yh:Ei1%fp''5`bg2af1J5qA9ubg3%<Bqz8fMm#{JWqMdoc_2N/|wf8]
20:09:30.791 [scala-execution-context-global-124] DEBUG HelperUtils.Parameters$ - 89XK\*gL$[mvJJ'^cci[!bl9;29mTW
20:09:30.806 [scala-execution-context-global-124] WARN  HelperUtils.Parameters$ - R%8s$qi1Ui&6yZ)u/6.3~|
20:09:30.822 [scala-execution-context-global-124] INFO  HelperUtils.Parameters$ - k];`Ho$}6!uAn:{vZ`NyEi$lpW#_
20:09:30.837 [scala-execution-context-global-124] DEBUG HelperUtils.Parameters$ - piV@Oaw)Ep}!obl%g0;9RX_XVwLMeVHoH=kpt=ZrxcQy^q~fj@/~9*!KGuIT
20:09:30.852 [scala-execution-context-global-124] INFO  HelperUtils.Parameters$ - Y%=x>sK2Z{rXrhQ9
20:09:30.867 [scala-execution-context-global-124] INFO  HelperUtils.Parameters$ - fpTXXpNYG,?l9y"P:K13b~sv=HEq1Lbf0H6vae2bf1F6mI5pt#Hc,Gd?]hXD<0pAeKXUNx$F/H;h,(
20:09:30.883 [scala-execution-context-global-124] INFO  HelperUtils.Parameters$ - +Q[>Yu5W@.Xk4bRB6AEz99Q3h]oer|zY9)A)BU
20:09:30.884 [run-main-0] INFO  GenerateLogData$ - Log data generation has completed after generating 25 records.
20:11:05.331 [run-main-0] INFO  GenerateLogData$ - Log data generator started...
20:11:05.605 [run-main-0] WARN  HelperUtils.Parameters$ - Max count 25 is used to create records instead of timeouts
20:11:05.765 [scala-execution-context-global-124] WARN  HelperUtils.Parameters$ - s%]s,+2k|D}K7b/XCwG&@7HDPR8z
20:11:05.788 [scala-execution-context-global-124] INFO  HelperUtils.Parameters$ - ;kNI&V%v<c#eSDK@lPY(
20:11:05.803 [scala-execution-context-global-124] INFO  HelperUtils.Parameters$ - l9]|92!uHUQ/IVcz~(;.Uz%K*5jTUd08
20:11:05.821 [scala-execution-context-global-124] INFO  HelperUtils.Parameters$ - G3sw7^U<^q^Cl!aMTDbNz<:$;?e<.0JD_'
20:11:05.837 [scala-execution-context-global-124] WARN  HelperUtils.Parameters$ - A><YFqpg+~"E1T
20:11:05.852 [scala-execution-context-global-124] DEBUG HelperUtils.Parameters$ - JrQB;P0"&+6;&Dk-
20:11:05.867 [scala-execution-context-global-124] INFO  HelperUtils.Parameters$ - OsI1`qAeU5H;\+
20:11:05.882 [scala-execution-context-global-124] INFO  HelperUtils.Parameters$ - [h!Q9PEY>L(NpKLBO"RXQ_tZ!
20:11:05.899 [scala-execution-context-global-124] INFO  HelperUtils.Parameters$ - B?y&C"C5rsb:2037;f&|vM#x?z|Ny|&<44Z8B&rF1#&M
20:11:05.913 [scala-execution-context-global-124] WARN  HelperUtils.Parameters$ - x2oBSI0/\%CdfV2%ChSsnZ7vJo=2qJqZ%."kbc!0ne`y&m
20:11:05.929 [scala-execution-context-global-124] ERROR HelperUtils.Parameters$ - ihu}!A2]*07}|,lc
20:11:05.945 [scala-execution-context-global-124] INFO  HelperUtils.Parameters$ - CC]>~R#,^#0JWyESarZdETDcvk)Yk'I?
20:11:05.961 [scala-execution-context-global-124] WARN  HelperUtils.Parameters$ - Swq;g+6M:?820=Gmd#.p)sFaqoKc^mm](.A8Z-4-].tp|cfR\~rc(m^{
20:11:06.011 [scala-execution-context-global-124] INFO  HelperUtils.Parameters$ - zXK=Fze%-6Iv-^q{zhG|EUzvd);tOj-:
20:11:06.025 [scala-execution-context-global-124] ERROR  HelperUtils.Parameters$ - ^<A>61@{3[KEk@M/Xh-q%sco3Dkwq~
20:11:06.039 [scala-execution-context-global-124] WARN  HelperUtils.Parameters$ - Bv^B8Re'$VG)[P".g*?f<G\l5n.18B|i<E&rgPQZ;wBeA{4O/fy+Pp
20:11:06.055 [scala-execution-context-global-124] WARN  HelperUtils.Parameters$ - k1H+R#/%d0>Q>N:6\enT]U
20:11:06.069 [scala-execution-context-global-124] INFO  HelperUtils.Parameters$ - 8G;,3m_T`G#H]&Yh:Ei1%fp''5`J8ibg2V9vce1af0P5ocg1%<Bqz8fMm#{JWqMdoc_2N/|wf8]
20:11:06.210 [scala-execution-context-global-124] DEBUG HelperUtils.Parameters$ - BEnzov}yU9_x
20:11:06.224 [scala-execution-context-global-124] WARN  HelperUtils.Parameters$ - G%TN{>NtC~P[WxK'O<pobS6H-q=cuvM>#kUr&rM9zL0"lg
20:11:06.239 [scala-execution-context-global-124] INFO  HelperUtils.Parameters$ - ,DMXF:JUBw\{FrgYo~*jI]C5kbg0G7vbg3ce2V8r2`-"CB0ZV!es,Pn$g^.X4Q
20:11:06.254 [scala-execution-context-global-124] DEBUG HelperUtils.Parameters$ - %_IKpr/utK#(^_a@y""$[}&xQc$zyuKa?3a#
20:11:06.268 [scala-execution-context-global-124] INFO  HelperUtils.Parameters$ - SA;Qa<>pb^-qtg\Q3*K'i1A>Ai
20:11:06.281 [scala-execution-context-global-124] INFO  HelperUtils.Parameters$ - gsS^D3kAeOu52R!iLzv?ls_G
20:11:06.296 [scala-execution-context-global-124] ERROR  HelperUtils.Parameters$ - '<NkjIU@?kZ7{:Ky(zRwf<F{W#K'X2.g-/^=.(025)gfWF
20:11:06.297 [run-main-0] INFO  GenerateLogData$ - Log data generation has completed after generating 25 records.
21:12:18.515 [run-main-0] INFO  GenerateLogData$ - Log data generator started...
21:12:18.781 [run-main-0] WARN  HelperUtils.Parameters$ - Max count 35 is used to create records instead of timeouts
21:12:18.915 [scala-execution-context-global-124] WARN  HelperUtils.Parameters$ - s%]s,+2k|D}K7b/XCwG&@7HDPR8z
21:12:18.942 [scala-execution-context-global-124] INFO  HelperUtils.Parameters$ - ;kNI&V%v<c#eSDK@lPY(
21:12:18.966 [scala-execution-context-global-124] INFO  HelperUtils.Parameters$ - l9]|92!uHUQ/IVcz~(;.Uz%K*5jTUd08
21:12:18.991 [scala-execution-context-global-124] INFO  HelperUtils.Parameters$ - G3sw7^U<^q^Cl!aMTDbNz<:$;?e<.0JD_'
21:12:19.016 [scala-execution-context-global-124] WARN  HelperUtils.Parameters$ - A><YFqpg+~"E1T
21:12:19.036 [scala-execution-context-global-124] DEBUG HelperUtils.Parameters$ - JrQB;P0"&+6;&Dk-
21:12:19.057 [scala-execution-context-global-124] INFO  HelperUtils.Parameters$ - OsI1`qAeU5H;\+
21:12:19.086 [scala-execution-context-global-124] INFO  HelperUtils.Parameters$ - [h!fy7EY>L(NpKLBO"Gjo:=4kRXQ_tZ!
21:12:19.105 [scala-execution-context-global-124] INFO  HelperUtils.Parameters$ - B?y&C"C5rsb:2037;f&|vM#x?z|Ny|&<44Z8B&rF1#&M
21:12:19.124 [scala-execution-context-global-124] WARN  HelperUtils.Parameters$ - x2oBSI0/\%CdfV2%ChSsnZ7vJo=2qJqZ%."kbc!0ne`y&m
21:12:19.143 [scala-execution-context-global-124] ERROR HelperUtils.Parameters$ - ihu}!A2]*07}|,lc
21:12:19.160 [scala-execution-context-global-124] INFO  HelperUtils.Parameters$ - CC]>~R#,^#0JWyESarZdETDcvk)Yk'I?
21:12:19.177 [scala-execution-context-global-124] ERROR  HelperUtils.Parameters$ - Swq;g+6M:?820=Gmd#.p)sFaqoKc^mm](.A8Z-4-].tp|cfR\~rc(m^{
21:12:19.192 [scala-execution-context-global-124] INFO  HelperUtils.Parameters$ - zXK=Fze%-6Iv-^q{zhG|EUzvd);tOj-:
21:12:19.206 [scala-execution-context-global-124] INFO  HelperUtils.Parameters$ - ^<A>61@{3[KEk@M/Xh-q%sco3Dkwq~
21:12:19.231 [scala-execution-context-global-124] WARN  HelperUtils.Parameters$ - Bv^B8Re'$VG)[P".g*?f<G\l5n.18B|i<E&rgPQZ;wBeA{4O/fy+Pp
21:12:19.248 [scala-execution-context-global-124] WARN  HelperUtils.Parameters$ - k1H+R#/%d0>Q>N:6\enT]U
21:12:19.263 [scala-execution-context-global-124] INFO  HelperUtils.Parameters$ - 8G;,3m_T`G#H]&Yh:Ei1%fp''5`bg0bg2ag0ce0cf2ce2cf3be3T7hD6nbe1cg3ag1%<Bqz8fMm#{JWqMdoc_2N/|wf8]
21:12:19.276 [scala-execution-context-global-124] DEBUG HelperUtils.Parameters$ - A(yG:+\![e_4e9$YS?'j
21:12:19.291 [scala-execution-context-global-124] WARN  HelperUtils.Parameters$ - uc<mu"%rmfl)>BjaA]#)4@li:juoY0&U@%mRdIU.VB8C0_
21:12:19.326 [scala-execution-context-global-124] INFO  HelperUtils.Parameters$ - %3RJ.sJ\R[vj26G&
21:12:19.340 [scala-execution-context-global-124] DEBUG HelperUtils.Parameters$ - ~uVksk9;B*j}'hr=Bl=oV:%g9`L=hy&<*^4l?`?)8d$`fN`i
21:12:19.390 [scala-execution-context-global-124] INFO  HelperUtils.Parameters$ - AUd$,Xe?*E[GX5%9f>}6
21:12:19.411 [scala-execution-context-global-124] INFO  HelperUtils.Parameters$ - vk3oN[YrO}cRRT
21:12:19.425 [scala-execution-context-global-124] ERROR  HelperUtils.Parameters$ - qk.T>a+`49E~_Bc3&fS45o
21:12:19.439 [scala-execution-context-global-124] INFO  HelperUtils.Parameters$ - mW&4M|Q3g7A00Z8gB6fce1E9obe3ae0bf1N6taf0cg1Tn/sh&.JvQ<h>
21:12:19.454 [scala-execution-context-global-124] WARN  HelperUtils.Parameters$ - +^QO!r`BydebEw0P}:1C
21:12:19.479 [scala-execution-context-global-124] INFO  HelperUtils.Parameters$ - %eal`L~yi&;2"PwTpiFO1/iDCb^PCVOV5sNh1Up+z3{7^}>|
21:12:19.493 [scala-execution-context-global-124] INFO  HelperUtils.Parameters$ - 6=h$nzc<)Z>p}~(@O`H(ll99-&?D%M.G_G
21:12:19.506 [scala-execution-context-global-124] WARN  HelperUtils.Parameters$ - _Or?ZH=/x*3V/>&/.ofaf1Z6nbg1be2be0H9uKx:"v`dmO2A4Gnmx]VB
21:12:19.521 [scala-execution-context-global-124] ERROR HelperUtils.Parameters$ - x;Uvj#'YC>E`;yR`L/&L/D\_$h`+=S+I$G>erP4ele
21:12:19.536 [scala-execution-context-global-124] WARN  HelperUtils.Parameters$ - >S0(H.]mg*`'N?
21:12:19.550 [scala-execution-context-global-124] WARN  HelperUtils.Parameters$ - gr40rr_~q'\s~3x3U'vK<4+,OntTV)A5H?%=f]
21:12:19.564 [scala-execution-context-global-124] INFO  HelperUtils.Parameters$ - NIai]UyJ[MZ`)5myq'>zAb-4;7\vtilv|<'ea;,4BZ3]n\
21:12:19.581 [scala-execution-context-global-124] ERROR  HelperUtils.Parameters$ - &5I=,_|4z7fqP}F$.~~ovFY4:%#p?[VE(qi"cz`#t'p6K}VpRQ
21:12:19.583 [run-main-0] INFO  GenerateLogData$ - Log data generation has completed after generating 35 records.
